{
  "RSpec": {
    "coverage": {
      "/Users/swizelcardozo/Projects/week_6/Messageboard/Blog-App/app.rb": {
        "lines": [
          1,
          1,
          1,
          1,
          null,
          1,
          0,
          null,
          null,
          1,
          0,
          0,
          null,
          null,
          1,
          3,
          3,
          3,
          null,
          null,
          1,
          1,
          null,
          null,
          1,
          1,
          1,
          1,
          null,
          null,
          1,
          1,
          1,
          null,
          null,
          null,
          null
        ]
      },
      "/Users/swizelcardozo/Projects/week_6/Messageboard/Blog-App/lib/message_board.rb": {
        "lines": [
          1,
          1,
          1,
          null,
          1,
          4,
          4,
          4,
          4,
          null,
          null,
          null,
          1,
          6,
          6,
          6,
          null,
          null,
          1,
          2,
          2,
          2,
          null,
          null,
          1,
          1,
          12,
          12,
          null,
          0,
          null,
          null,
          null
        ]
      },
      "/Users/swizelcardozo/Projects/week_6/Messageboard/Blog-App/lib/message.rb": {
        "lines": [
          1,
          1,
          1,
          4,
          4,
          null,
          null,
          null
        ]
      },
      "/Users/swizelcardozo/Projects/week_6/Messageboard/Blog-App/spec/features/web_helpers.rb": {
        "lines": [

        ]
      },
      "/Users/swizelcardozo/Projects/week_6/Messageboard/Blog-App/spec/features/creating_message_spec.rb": {
        "lines": [
          1,
          1,
          1,
          1,
          1,
          1,
          1,
          null,
          null
        ]
      },
      "/Users/swizelcardozo/Projects/week_6/Messageboard/Blog-App/spec/features/deleting_message_spec.rb": {
        "lines": [
          1,
          1,
          1,
          1,
          1,
          1,
          1,
          1,
          null,
          null
        ]
      },
      "/Users/swizelcardozo/Projects/week_6/Messageboard/Blog-App/spec/message_board_spec.rb": {
        "lines": [
          1,
          null,
          1,
          1,
          1,
          1,
          1,
          1,
          1,
          1,
          null,
          null,
          null,
          1,
          1,
          1,
          null,
          null,
          1,
          1,
          1,
          1,
          null,
          null,
          null
        ]
      }
    },
    "timestamp": 1604491931
  }
}
