{
  "RSpec": {
    "coverage": {
      "/Users/swizelcardozo/Projects/week_6/chitter_challenge/chitter/app.rb": {
        "lines": [
          1,
          1,
          1,
          1,
          1,
          1,
          1,
          1,
          null,
          1,
          0,
          null,
          null,
          1,
          0,
          0,
          0,
          null,
          0,
          0,
          null,
          null,
          null,
          null,
          1,
          0,
          0,
          0,
          null,
          0,
          0,
          null,
          null,
          null,
          null,
          null,
          1,
          0,
          0,
          0,
          null,
          null,
          1,
          1,
          null,
          null,
          1,
          1,
          1,
          0,
          null,
          null,
          1,
          0,
          0,
          null,
          null,
          null,
          null
        ]
      },
      "/Users/swizelcardozo/Projects/week_6/chitter_challenge/chitter/lib/chitter_board.rb": {
        "lines": [
          1,
          1,
          1,
          1,
          null,
          1,
          0,
          0,
          0,
          null,
          null,
          null,
          1,
          0,
          0,
          null,
          null,
          1,
          0,
          0,
          null,
          null,
          null
        ]
      },
      "/Users/swizelcardozo/Projects/week_6/chitter_challenge/chitter/lib/database_connection.rb": {
        "lines": [
          1,
          null,
          1,
          null,
          null,
          1,
          1,
          null,
          null,
          1,
          0,
          null,
          null,
          1,
          0,
          null,
          null,
          null
        ]
      },
      "/Users/swizelcardozo/Projects/week_6/chitter_challenge/chitter/lib/user.rb": {
        "lines": [
          null,
          1,
          null,
          1,
          1,
          null,
          1,
          0,
          0,
          null,
          null,
          1,
          0,
          0,
          0,
          null,
          0,
          0,
          null,
          null,
          null,
          1,
          0,
          0,
          0,
          0,
          0,
          0,
          null,
          0,
          null,
          null,
          0,
          null,
          null,
          null,
          null
        ]
      },
      "/Users/swizelcardozo/Projects/week_6/chitter_challenge/chitter/lib/database_connection_setup.rb": {
        "lines": [
          1,
          null,
          1,
          1,
          null,
          0,
          null
        ]
      },
      "/Users/swizelcardozo/Projects/week_6/chitter_challenge/chitter/spec/features/web_helpers.rb": {
        "lines": [

        ]
      },
      "/Users/swizelcardozo/Projects/week_6/chitter_challenge/chitter/spec/chitter_board_spec.rb": {
        "lines": [
          1,
          null,
          1,
          1,
          1,
          1,
          0,
          0,
          0,
          0,
          null,
          null,
          null,
          1,
          1,
          1,
          null,
          null,
          1,
          1,
          1,
          0,
          null,
          null,
          null
        ]
      },
      "/Users/swizelcardozo/Projects/week_6/chitter_challenge/chitter/spec/features/creating_peep_spec.rb": {
        "lines": [
          1,
          1,
          1,
          1,
          1,
          0,
          0,
          null,
          null
        ]
      },
      "/Users/swizelcardozo/Projects/week_6/chitter_challenge/chitter/spec/features/deleting_peep_spec.rb": {
        "lines": [
          1,
          1,
          1,
          0,
          0,
          0,
          0,
          0,
          null,
          null
        ]
      },
      "/Users/swizelcardozo/Projects/week_6/chitter_challenge/chitter/spec/user_spec.rb": {
        "lines": [
          1,
          null,
          1,
          1,
          1,
          null,
          null,
          null
        ]
      }
    },
    "timestamp": 1604578727
  }
}
